{"C:\\Users\\joluw\\Videos\\Testing\\Project\\averageMean.js": {"path":"C:\\Users\\joluw\\Videos\\Testing\\Project\\averageMean.js","statementMap":{"0":{"start":{"line":11,"column":14},"end":{"line":21,"column":1}},"1":{"start":{"line":12,"column":2},"end":{"line":14,"column":3}},"2":{"start":{"line":13,"column":4},"end":{"line":13,"column":40}},"3":{"start":{"line":17,"column":14},"end":{"line":17,"column":53}},"4":{"start":{"line":17,"column":40},"end":{"line":17,"column":49}},"5":{"start":{"line":20,"column":2},"end":{"line":20,"column":26}},"6":{"start":{"line":23,"column":0},"end":{"line":23,"column":22}}},"fnMap":{"0":{"name":"(anonymous_0)","decl":{"start":{"line":11,"column":14},"end":{"line":11,"column":15}},"loc":{"start":{"line":11,"column":24},"end":{"line":21,"column":1}},"line":11},"1":{"name":"(anonymous_1)","decl":{"start":{"line":17,"column":26},"end":{"line":17,"column":27}},"loc":{"start":{"line":17,"column":40},"end":{"line":17,"column":49}},"line":17}},"branchMap":{"0":{"loc":{"start":{"line":12,"column":2},"end":{"line":14,"column":3}},"type":"if","locations":[{"start":{"line":12,"column":2},"end":{"line":14,"column":3}},{"start":{},"end":{}}],"line":12}},"s":{"0":1,"1":2,"2":0,"3":2,"4":8,"5":2,"6":1},"f":{"0":2,"1":8},"b":{"0":[0,2]},"_coverageSchema":"1a1c01bbd47fc00a2c39e90264f33305004495a9","hash":"b26981651226a4f48d12fd2820c0134edfebf8a0"}
,"C:\\Users\\joluw\\Videos\\Testing\\Project\\bubbleSort.js": {"path":"C:\\Users\\joluw\\Videos\\Testing\\Project\\bubbleSort.js","statementMap":{"0":{"start":{"line":2,"column":19},"end":{"line":2,"column":31}},"1":{"start":{"line":4,"column":4},"end":{"line":13,"column":5}},"2":{"start":{"line":4,"column":18},"end":{"line":4,"column":28}},"3":{"start":{"line":6,"column":6},"end":{"line":12,"column":7}},"4":{"start":{"line":6,"column":20},"end":{"line":6,"column":30}},"5":{"start":{"line":8,"column":8},"end":{"line":11,"column":9}},"6":{"start":{"line":10,"column":10},"end":{"line":10,"column":61}},"7":{"start":{"line":15,"column":4},"end":{"line":15,"column":16}},"8":{"start":{"line":18,"column":2},"end":{"line":18,"column":30}}},"fnMap":{"0":{"name":"bubbleSort","decl":{"start":{"line":1,"column":9},"end":{"line":1,"column":19}},"loc":{"start":{"line":1,"column":28},"end":{"line":16,"column":3}},"line":1}},"branchMap":{"0":{"loc":{"start":{"line":8,"column":8},"end":{"line":11,"column":9}},"type":"if","locations":[{"start":{"line":8,"column":8},"end":{"line":11,"column":9}},{"start":{},"end":{}}],"line":8}},"s":{"0":2,"1":2,"2":2,"3":8,"4":8,"5":20,"6":12,"7":2,"8":1},"f":{"0":2},"b":{"0":[12,8]},"_coverageSchema":"1a1c01bbd47fc00a2c39e90264f33305004495a9","hash":"1ee9325f4b2d87af46d379d83be8790b0887b0d1"}
,"C:\\Users\\joluw\\Videos\\Testing\\Project\\checkCamelCase.js": {"path":"C:\\Users\\joluw\\Videos\\Testing\\Project\\checkCamelCase.js","statementMap":{"0":{"start":{"line":1,"column":23},"end":{"line":9,"column":3}},"1":{"start":{"line":3,"column":4},"end":{"line":5,"column":5}},"2":{"start":{"line":4,"column":6},"end":{"line":4,"column":54}},"3":{"start":{"line":7,"column":16},"end":{"line":7,"column":34}},"4":{"start":{"line":8,"column":4},"end":{"line":8,"column":28}},"5":{"start":{"line":13,"column":2},"end":{"line":13,"column":34}}},"fnMap":{"0":{"name":"(anonymous_0)","decl":{"start":{"line":1,"column":23},"end":{"line":1,"column":24}},"loc":{"start":{"line":1,"column":36},"end":{"line":9,"column":3}},"line":1}},"branchMap":{"0":{"loc":{"start":{"line":3,"column":4},"end":{"line":5,"column":5}},"type":"if","locations":[{"start":{"line":3,"column":4},"end":{"line":5,"column":5}},{"start":{},"end":{}}],"line":3}},"s":{"0":1,"1":3,"2":0,"3":3,"4":3,"5":1},"f":{"0":3},"b":{"0":[0,3]},"_coverageSchema":"1a1c01bbd47fc00a2c39e90264f33305004495a9","hash":"609a4bb9cbbf681aa2666884331b367c55480057"}
,"C:\\Users\\joluw\\Videos\\Testing\\Project\\leapYear.js": {"path":"C:\\Users\\joluw\\Videos\\Testing\\Project\\leapYear.js","statementMap":{"0":{"start":{"line":16,"column":19},"end":{"line":22,"column":1}},"1":{"start":{"line":17,"column":2},"end":{"line":17,"column":36}},"2":{"start":{"line":17,"column":24},"end":{"line":17,"column":36}},"3":{"start":{"line":18,"column":2},"end":{"line":18,"column":37}},"4":{"start":{"line":18,"column":24},"end":{"line":18,"column":37}},"5":{"start":{"line":19,"column":2},"end":{"line":19,"column":34}},"6":{"start":{"line":19,"column":22},"end":{"line":19,"column":34}},"7":{"start":{"line":21,"column":2},"end":{"line":21,"column":15}},"8":{"start":{"line":23,"column":0},"end":{"line":23,"column":28}}},"fnMap":{"0":{"name":"(anonymous_0)","decl":{"start":{"line":16,"column":19},"end":{"line":16,"column":20}},"loc":{"start":{"line":16,"column":29},"end":{"line":22,"column":1}},"line":16}},"branchMap":{"0":{"loc":{"start":{"line":17,"column":2},"end":{"line":17,"column":36}},"type":"if","locations":[{"start":{"line":17,"column":2},"end":{"line":17,"column":36}},{"start":{},"end":{}}],"line":17},"1":{"loc":{"start":{"line":18,"column":2},"end":{"line":18,"column":37}},"type":"if","locations":[{"start":{"line":18,"column":2},"end":{"line":18,"column":37}},{"start":{},"end":{}}],"line":18},"2":{"loc":{"start":{"line":19,"column":2},"end":{"line":19,"column":34}},"type":"if","locations":[{"start":{"line":19,"column":2},"end":{"line":19,"column":34}},{"start":{},"end":{}}],"line":19}},"s":{"0":1,"1":3,"2":0,"3":3,"4":0,"5":3,"6":1,"7":2,"8":1},"f":{"0":3},"b":{"0":[0,3],"1":[0,3],"2":[1,2]},"_coverageSchema":"1a1c01bbd47fc00a2c39e90264f33305004495a9","hash":"f4f1b25e477dc6f3ae315bb8faeaad35e2591bd7"}
,"C:\\Users\\joluw\\Videos\\Testing\\Project\\maxCharacter.js": {"path":"C:\\Users\\joluw\\Videos\\Testing\\Project\\maxCharacter.js","statementMap":{"0":{"start":{"line":1,"column":21},"end":{"line":23,"column":3}},"1":{"start":{"line":2,"column":4},"end":{"line":6,"column":5}},"2":{"start":{"line":3,"column":6},"end":{"line":3,"column":57}},"3":{"start":{"line":4,"column":11},"end":{"line":6,"column":5}},"4":{"start":{"line":5,"column":6},"end":{"line":5,"column":59}},"5":{"start":{"line":8,"column":24},"end":{"line":8,"column":26}},"6":{"start":{"line":9,"column":4},"end":{"line":13,"column":5}},"7":{"start":{"line":9,"column":17},"end":{"line":9,"column":18}},"8":{"start":{"line":10,"column":19},"end":{"line":10,"column":27}},"9":{"start":{"line":11,"column":6},"end":{"line":11,"column":35}},"10":{"start":{"line":11,"column":27},"end":{"line":11,"column":35}},"11":{"start":{"line":12,"column":6},"end":{"line":12,"column":52}},"12":{"start":{"line":14,"column":23},"end":{"line":14,"column":27}},"13":{"start":{"line":15,"column":19},"end":{"line":15,"column":20}},"14":{"start":{"line":16,"column":4},"end":{"line":21,"column":6}},"15":{"start":{"line":17,"column":6},"end":{"line":20,"column":7}},"16":{"start":{"line":18,"column":8},"end":{"line":18,"column":36}},"17":{"start":{"line":19,"column":8},"end":{"line":19,"column":27}},"18":{"start":{"line":22,"column":4},"end":{"line":22,"column":23}},"19":{"start":{"line":25,"column":0},"end":{"line":25,"column":30}}},"fnMap":{"0":{"name":"(anonymous_0)","decl":{"start":{"line":1,"column":21},"end":{"line":1,"column":22}},"loc":{"start":{"line":1,"column":32},"end":{"line":23,"column":3}},"line":1},"1":{"name":"(anonymous_1)","decl":{"start":{"line":16,"column":37},"end":{"line":16,"column":38}},"loc":{"start":{"line":16,"column":45},"end":{"line":21,"column":5}},"line":16}},"branchMap":{"0":{"loc":{"start":{"line":2,"column":4},"end":{"line":6,"column":5}},"type":"if","locations":[{"start":{"line":2,"column":4},"end":{"line":6,"column":5}},{"start":{"line":4,"column":11},"end":{"line":6,"column":5}}],"line":2},"1":{"loc":{"start":{"line":4,"column":11},"end":{"line":6,"column":5}},"type":"if","locations":[{"start":{"line":4,"column":11},"end":{"line":6,"column":5}},{"start":{},"end":{}}],"line":4},"2":{"loc":{"start":{"line":11,"column":6},"end":{"line":11,"column":35}},"type":"if","locations":[{"start":{"line":11,"column":6},"end":{"line":11,"column":35}},{"start":{},"end":{}}],"line":11},"3":{"loc":{"start":{"line":12,"column":26},"end":{"line":12,"column":52}},"type":"binary-expr","locations":[{"start":{"line":12,"column":26},"end":{"line":12,"column":47}},{"start":{"line":12,"column":51},"end":{"line":12,"column":52}}],"line":12},"4":{"loc":{"start":{"line":17,"column":6},"end":{"line":20,"column":7}},"type":"if","locations":[{"start":{"line":17,"column":6},"end":{"line":20,"column":7}},{"start":{},"end":{}}],"line":17}},"s":{"0":1,"1":3,"2":0,"3":3,"4":0,"5":3,"6":3,"7":3,"8":99,"9":99,"10":16,"11":83,"12":3,"13":3,"14":3,"15":44,"16":7,"17":7,"18":3,"19":1},"f":{"0":3,"1":44},"b":{"0":[0,3],"1":[0,3],"2":[16,83],"3":[83,44],"4":[7,37]},"_coverageSchema":"1a1c01bbd47fc00a2c39e90264f33305004495a9","hash":"a7d5eff8900762b0fc9ba97a9e90979f7408a4d1"}
,"C:\\Users\\joluw\\Videos\\Testing\\Project\\primeCheck.js": {"path":"C:\\Users\\joluw\\Videos\\Testing\\Project\\primeCheck.js","statementMap":{"0":{"start":{"line":1,"column":19},"end":{"line":15,"column":3}},"1":{"start":{"line":4,"column":4},"end":{"line":4,"column":29}},"2":{"start":{"line":4,"column":17},"end":{"line":4,"column":29}},"3":{"start":{"line":5,"column":4},"end":{"line":5,"column":29}},"4":{"start":{"line":5,"column":17},"end":{"line":5,"column":29}},"5":{"start":{"line":6,"column":4},"end":{"line":6,"column":28}},"6":{"start":{"line":6,"column":17},"end":{"line":6,"column":28}},"7":{"start":{"line":7,"column":4},"end":{"line":7,"column":33}},"8":{"start":{"line":7,"column":21},"end":{"line":7,"column":33}},"9":{"start":{"line":9,"column":4},"end":{"line":13,"column":5}},"10":{"start":{"line":9,"column":17},"end":{"line":9,"column":18}},"11":{"start":{"line":10,"column":6},"end":{"line":12,"column":7}},"12":{"start":{"line":11,"column":8},"end":{"line":11,"column":20}},"13":{"start":{"line":14,"column":4},"end":{"line":14,"column":15}},"14":{"start":{"line":16,"column":2},"end":{"line":16,"column":30}}},"fnMap":{"0":{"name":"(anonymous_0)","decl":{"start":{"line":1,"column":19},"end":{"line":1,"column":20}},"loc":{"start":{"line":1,"column":26},"end":{"line":15,"column":3}},"line":1}},"branchMap":{"0":{"loc":{"start":{"line":4,"column":4},"end":{"line":4,"column":29}},"type":"if","locations":[{"start":{"line":4,"column":4},"end":{"line":4,"column":29}},{"start":{},"end":{}}],"line":4},"1":{"loc":{"start":{"line":5,"column":4},"end":{"line":5,"column":29}},"type":"if","locations":[{"start":{"line":5,"column":4},"end":{"line":5,"column":29}},{"start":{},"end":{}}],"line":5},"2":{"loc":{"start":{"line":6,"column":4},"end":{"line":6,"column":28}},"type":"if","locations":[{"start":{"line":6,"column":4},"end":{"line":6,"column":28}},{"start":{},"end":{}}],"line":6},"3":{"loc":{"start":{"line":7,"column":4},"end":{"line":7,"column":33}},"type":"if","locations":[{"start":{"line":7,"column":4},"end":{"line":7,"column":33}},{"start":{},"end":{}}],"line":7},"4":{"loc":{"start":{"line":10,"column":6},"end":{"line":12,"column":7}},"type":"if","locations":[{"start":{"line":10,"column":6},"end":{"line":12,"column":7}},{"start":{},"end":{}}],"line":10}},"s":{"0":1,"1":2,"2":0,"3":2,"4":0,"5":2,"6":0,"7":2,"8":1,"9":1,"10":1,"11":43,"12":0,"13":1,"14":1},"f":{"0":2},"b":{"0":[0,2],"1":[0,2],"2":[0,2],"3":[1,1],"4":[0,43]},"_coverageSchema":"1a1c01bbd47fc00a2c39e90264f33305004495a9","hash":"25e4bb9b29fd8e525aadd61c0cebf03136e550f4"}
,"C:\\Users\\joluw\\Videos\\Testing\\Project\\reverse.js": {"path":"C:\\Users\\joluw\\Videos\\Testing\\Project\\reverse.js","statementMap":{"0":{"start":{"line":10,"column":23},"end":{"line":27,"column":3}},"1":{"start":{"line":12,"column":4},"end":{"line":14,"column":5}},"2":{"start":{"line":13,"column":6},"end":{"line":13,"column":55}},"3":{"start":{"line":16,"column":24},"end":{"line":16,"column":25}},"4":{"start":{"line":18,"column":4},"end":{"line":25,"column":5}},"5":{"start":{"line":20,"column":24},"end":{"line":20,"column":35}},"6":{"start":{"line":22,"column":6},"end":{"line":22,"column":52}},"7":{"start":{"line":24,"column":6},"end":{"line":24,"column":38}},"8":{"start":{"line":26,"column":4},"end":{"line":26,"column":24}},"9":{"start":{"line":28,"column":2},"end":{"line":28,"column":33}}},"fnMap":{"0":{"name":"(anonymous_0)","decl":{"start":{"line":10,"column":23},"end":{"line":10,"column":24}},"loc":{"start":{"line":10,"column":35},"end":{"line":27,"column":3}},"line":10}},"branchMap":{"0":{"loc":{"start":{"line":12,"column":4},"end":{"line":14,"column":5}},"type":"if","locations":[{"start":{"line":12,"column":4},"end":{"line":14,"column":5}},{"start":{},"end":{}}],"line":12}},"s":{"0":1,"1":2,"2":0,"3":2,"4":2,"5":10,"6":10,"7":10,"8":2,"9":1},"f":{"0":2},"b":{"0":[0,2]},"_coverageSchema":"1a1c01bbd47fc00a2c39e90264f33305004495a9","hash":"235299dc6730bd3e5910550cf7c9fa77f7f36f6e"}
,"C:\\Users\\joluw\\Videos\\Testing\\Project\\rgbToHex.js": {"path":"C:\\Users\\joluw\\Videos\\Testing\\Project\\rgbToHex.js","statementMap":{"0":{"start":{"line":2,"column":4},"end":{"line":8,"column":5}},"1":{"start":{"line":7,"column":6},"end":{"line":7,"column":53}},"2":{"start":{"line":10,"column":18},"end":{"line":10,"column":63}},"3":{"start":{"line":10,"column":23},"end":{"line":10,"column":63}},"4":{"start":{"line":12,"column":4},"end":{"line":12,"column":47}},"5":{"start":{"line":14,"column":2},"end":{"line":14,"column":28}}},"fnMap":{"0":{"name":"RGBToHex","decl":{"start":{"line":1,"column":9},"end":{"line":1,"column":17}},"loc":{"start":{"line":1,"column":28},"end":{"line":13,"column":3}},"line":1},"1":{"name":"(anonymous_1)","decl":{"start":{"line":10,"column":18},"end":{"line":10,"column":19}},"loc":{"start":{"line":10,"column":23},"end":{"line":10,"column":63}},"line":10}},"branchMap":{"0":{"loc":{"start":{"line":2,"column":4},"end":{"line":8,"column":5}},"type":"if","locations":[{"start":{"line":2,"column":4},"end":{"line":8,"column":5}},{"start":{},"end":{}}],"line":2},"1":{"loc":{"start":{"line":3,"column":6},"end":{"line":5,"column":27}},"type":"binary-expr","locations":[{"start":{"line":3,"column":6},"end":{"line":3,"column":27}},{"start":{"line":4,"column":6},"end":{"line":4,"column":27}},{"start":{"line":5,"column":6},"end":{"line":5,"column":27}}],"line":3},"2":{"loc":{"start":{"line":10,"column":24},"end":{"line":10,"column":32}},"type":"binary-expr","locations":[{"start":{"line":10,"column":24},"end":{"line":10,"column":25}},{"start":{"line":10,"column":29},"end":{"line":10,"column":32}}],"line":10}},"s":{"0":3,"1":0,"2":3,"3":9,"4":3,"5":1},"f":{"0":3,"1":9},"b":{"0":[0,3],"1":[3,3,3],"2":[9,5]},"_coverageSchema":"1a1c01bbd47fc00a2c39e90264f33305004495a9","hash":"f29016e512b07bde331d2f1f679c910ced6358cb"}
,"C:\\Users\\joluw\\Videos\\Testing\\Project\\romanToDeci.js": {"path":"C:\\Users\\joluw\\Videos\\Testing\\Project\\romanToDeci.js","statementMap":{"0":{"start":{"line":1,"column":15},"end":{"line":9,"column":3}},"1":{"start":{"line":12,"column":15},"end":{"line":12,"column":18}},"2":{"start":{"line":14,"column":14},"end":{"line":14,"column":15}},"3":{"start":{"line":16,"column":18},"end":{"line":16,"column":19}},"4":{"start":{"line":17,"column":4},"end":{"line":32,"column":5}},"5":{"start":{"line":17,"column":17},"end":{"line":17,"column":39}},"6":{"start":{"line":18,"column":16},"end":{"line":18,"column":37}},"7":{"start":{"line":20,"column":6},"end":{"line":22,"column":7}},"8":{"start":{"line":21,"column":8},"end":{"line":21,"column":65}},"9":{"start":{"line":24,"column":25},"end":{"line":24,"column":34}},"10":{"start":{"line":25,"column":6},"end":{"line":29,"column":7}},"11":{"start":{"line":26,"column":8},"end":{"line":26,"column":25}},"12":{"start":{"line":28,"column":8},"end":{"line":28,"column":25}},"13":{"start":{"line":31,"column":6},"end":{"line":31,"column":14}},"14":{"start":{"line":33,"column":4},"end":{"line":33,"column":14}},"15":{"start":{"line":36,"column":2},"end":{"line":36,"column":33}}},"fnMap":{"0":{"name":"romanToDecimal","decl":{"start":{"line":11,"column":11},"end":{"line":11,"column":25}},"loc":{"start":{"line":11,"column":40},"end":{"line":34,"column":3}},"line":11}},"branchMap":{"0":{"loc":{"start":{"line":20,"column":6},"end":{"line":22,"column":7}},"type":"if","locations":[{"start":{"line":20,"column":6},"end":{"line":22,"column":7}},{"start":{},"end":{}}],"line":20},"1":{"loc":{"start":{"line":21,"column":18},"end":{"line":21,"column":65}},"type":"cond-expr","locations":[{"start":{"line":21,"column":43},"end":{"line":21,"column":55}},{"start":{"line":21,"column":58},"end":{"line":21,"column":65}}],"line":21},"2":{"loc":{"start":{"line":25,"column":6},"end":{"line":29,"column":7}},"type":"if","locations":[{"start":{"line":25,"column":6},"end":{"line":29,"column":7}},{"start":{"line":27,"column":13},"end":{"line":29,"column":7}}],"line":25}},"s":{"0":1,"1":3,"2":3,"3":3,"4":3,"5":3,"6":5,"7":5,"8":2,"9":5,"10":5,"11":3,"12":2,"13":5,"14":3,"15":1},"f":{"0":3},"b":{"0":[2,3],"1":[2,0],"2":[3,2]},"_coverageSchema":"1a1c01bbd47fc00a2c39e90264f33305004495a9","hash":"87483a87333ee213e3f7a1594ccfcefe5e1c8416"}
,"C:\\Users\\joluw\\Videos\\Testing\\Project\\rotThirteen.js": {"path":"C:\\Users\\joluw\\Videos\\Testing\\Project\\rotThirteen.js","statementMap":{"0":{"start":{"line":1,"column":14},"end":{"line":7,"column":3}},"1":{"start":{"line":2,"column":34},"end":{"line":2,"column":88}},"2":{"start":{"line":3,"column":35},"end":{"line":3,"column":89}},"3":{"start":{"line":4,"column":18},"end":{"line":4,"column":55}},"4":{"start":{"line":4,"column":23},"end":{"line":4,"column":55}},"5":{"start":{"line":5,"column":20},"end":{"line":5,"column":77}},"6":{"start":{"line":5,"column":25},"end":{"line":5,"column":77}},"7":{"start":{"line":6,"column":4},"end":{"line":6,"column":47}},"8":{"start":{"line":8,"column":2},"end":{"line":8,"column":25}}},"fnMap":{"0":{"name":"(anonymous_0)","decl":{"start":{"line":1,"column":14},"end":{"line":1,"column":15}},"loc":{"start":{"line":1,"column":24},"end":{"line":7,"column":3}},"line":1},"1":{"name":"(anonymous_1)","decl":{"start":{"line":4,"column":18},"end":{"line":4,"column":19}},"loc":{"start":{"line":4,"column":23},"end":{"line":4,"column":55}},"line":4},"2":{"name":"(anonymous_2)","decl":{"start":{"line":5,"column":20},"end":{"line":5,"column":21}},"loc":{"start":{"line":5,"column":25},"end":{"line":5,"column":77}},"line":5}},"branchMap":{"0":{"loc":{"start":{"line":5,"column":25},"end":{"line":5,"column":77}},"type":"cond-expr","locations":[{"start":{"line":5,"column":41},"end":{"line":5,"column":73}},{"start":{"line":5,"column":76},"end":{"line":5,"column":77}}],"line":5}},"s":{"0":1,"1":3,"2":3,"3":3,"4":182,"5":3,"6":100,"7":3,"8":1},"f":{"0":3,"1":182,"2":100},"b":{"0":[82,18]},"_coverageSchema":"1a1c01bbd47fc00a2c39e90264f33305004495a9","hash":"cb07d10bd334d14855847820af4e620290ada02f"}
,"C:\\Users\\joluw\\Videos\\Testing\\Project\\snakeCase.js": {"path":"C:\\Users\\joluw\\Videos\\Testing\\Project\\snakeCase.js","statementMap":{"0":{"start":{"line":1,"column":23},"end":{"line":9,"column":3}},"1":{"start":{"line":3,"column":4},"end":{"line":5,"column":5}},"2":{"start":{"line":4,"column":6},"end":{"line":4,"column":54}},"3":{"start":{"line":7,"column":16},"end":{"line":7,"column":35}},"4":{"start":{"line":8,"column":4},"end":{"line":8,"column":28}},"5":{"start":{"line":10,"column":2},"end":{"line":10,"column":34}}},"fnMap":{"0":{"name":"(anonymous_0)","decl":{"start":{"line":1,"column":23},"end":{"line":1,"column":24}},"loc":{"start":{"line":1,"column":36},"end":{"line":9,"column":3}},"line":1}},"branchMap":{"0":{"loc":{"start":{"line":3,"column":4},"end":{"line":5,"column":5}},"type":"if","locations":[{"start":{"line":3,"column":4},"end":{"line":5,"column":5}},{"start":{},"end":{}}],"line":3}},"s":{"0":1,"1":3,"2":0,"3":3,"4":3,"5":1},"f":{"0":3},"b":{"0":[0,3]},"_coverageSchema":"1a1c01bbd47fc00a2c39e90264f33305004495a9","hash":"ac3321a1d55bae10ff3c472794670c4b5c453f6a"}
,"C:\\Users\\joluw\\Videos\\Testing\\Project\\validCreditCard.js": {"path":"C:\\Users\\joluw\\Videos\\Testing\\Project\\validCreditCard.js","statementMap":{"0":{"start":{"line":1,"column":23},"end":{"line":18,"column":3}},"1":{"start":{"line":2,"column":24},"end":{"line":2,"column":25}},"2":{"start":{"line":3,"column":4},"end":{"line":15,"column":6}},"3":{"start":{"line":4,"column":25},"end":{"line":4,"column":40}},"4":{"start":{"line":5,"column":6},"end":{"line":13,"column":7}},"5":{"start":{"line":7,"column":8},"end":{"line":7,"column":25}},"6":{"start":{"line":9,"column":8},"end":{"line":12,"column":9}},"7":{"start":{"line":10,"column":10},"end":{"line":10,"column":28}},"8":{"start":{"line":11,"column":10},"end":{"line":11,"column":27}},"9":{"start":{"line":14,"column":6},"end":{"line":14,"column":35}},"10":{"start":{"line":17,"column":4},"end":{"line":17,"column":35}},"11":{"start":{"line":20,"column":29},"end":{"line":43,"column":3}},"12":{"start":{"line":21,"column":32},"end":{"line":21,"column":65}},"13":{"start":{"line":23,"column":4},"end":{"line":25,"column":5}},"14":{"start":{"line":24,"column":6},"end":{"line":24,"column":60}},"15":{"start":{"line":27,"column":25},"end":{"line":27,"column":88}},"16":{"start":{"line":28,"column":4},"end":{"line":30,"column":5}},"17":{"start":{"line":29,"column":6},"end":{"line":29,"column":75}},"18":{"start":{"line":31,"column":35},"end":{"line":31,"column":58}},"19":{"start":{"line":32,"column":4},"end":{"line":34,"column":5}},"20":{"start":{"line":33,"column":6},"end":{"line":33,"column":54}},"21":{"start":{"line":35,"column":4},"end":{"line":37,"column":5}},"22":{"start":{"line":35,"column":47},"end":{"line":35,"column":85}},"23":{"start":{"line":36,"column":6},"end":{"line":36,"column":64}},"24":{"start":{"line":38,"column":4},"end":{"line":40,"column":5}},"25":{"start":{"line":39,"column":6},"end":{"line":39,"column":64}},"26":{"start":{"line":42,"column":4},"end":{"line":42,"column":15}},"27":{"start":{"line":45,"column":0},"end":{"line":45,"column":36}}},"fnMap":{"0":{"name":"(anonymous_0)","decl":{"start":{"line":1,"column":23},"end":{"line":1,"column":24}},"loc":{"start":{"line":1,"column":45},"end":{"line":18,"column":3}},"line":1},"1":{"name":"(anonymous_1)","decl":{"start":{"line":3,"column":39},"end":{"line":3,"column":40}},"loc":{"start":{"line":3,"column":57},"end":{"line":15,"column":5}},"line":3},"2":{"name":"(anonymous_2)","decl":{"start":{"line":20,"column":29},"end":{"line":20,"column":30}},"loc":{"start":{"line":20,"column":51},"end":{"line":43,"column":3}},"line":20},"3":{"name":"(anonymous_3)","decl":{"start":{"line":35,"column":34},"end":{"line":35,"column":35}},"loc":{"start":{"line":35,"column":47},"end":{"line":35,"column":85}},"line":35}},"branchMap":{"0":{"loc":{"start":{"line":5,"column":6},"end":{"line":13,"column":7}},"type":"if","locations":[{"start":{"line":5,"column":6},"end":{"line":13,"column":7}},{"start":{},"end":{}}],"line":5},"1":{"loc":{"start":{"line":9,"column":8},"end":{"line":12,"column":9}},"type":"if","locations":[{"start":{"line":9,"column":8},"end":{"line":12,"column":9}},{"start":{},"end":{}}],"line":9},"2":{"loc":{"start":{"line":23,"column":4},"end":{"line":25,"column":5}},"type":"if","locations":[{"start":{"line":23,"column":4},"end":{"line":25,"column":5}},{"start":{},"end":{}}],"line":23},"3":{"loc":{"start":{"line":28,"column":4},"end":{"line":30,"column":5}},"type":"if","locations":[{"start":{"line":28,"column":4},"end":{"line":30,"column":5}},{"start":{},"end":{}}],"line":28},"4":{"loc":{"start":{"line":32,"column":4},"end":{"line":34,"column":5}},"type":"if","locations":[{"start":{"line":32,"column":4},"end":{"line":34,"column":5}},{"start":{},"end":{}}],"line":32},"5":{"loc":{"start":{"line":32,"column":10},"end":{"line":32,"column":74}},"type":"binary-expr","locations":[{"start":{"line":32,"column":11},"end":{"line":32,"column":39}},{"start":{"line":32,"column":45},"end":{"line":32,"column":73}}],"line":32},"6":{"loc":{"start":{"line":35,"column":4},"end":{"line":37,"column":5}},"type":"if","locations":[{"start":{"line":35,"column":4},"end":{"line":37,"column":5}},{"start":{},"end":{}}],"line":35},"7":{"loc":{"start":{"line":38,"column":4},"end":{"line":40,"column":5}},"type":"if","locations":[{"start":{"line":38,"column":4},"end":{"line":40,"column":5}},{"start":{},"end":{}}],"line":38}},"s":{"0":1,"1":2,"2":2,"3":32,"4":32,"5":16,"6":16,"7":8,"8":8,"9":32,"10":2,"11":1,"12":2,"13":2,"14":0,"15":2,"16":2,"17":0,"18":2,"19":2,"20":0,"21":2,"22":2,"23":0,"24":2,"25":0,"26":2,"27":1},"f":{"0":2,"1":32,"2":2,"3":2},"b":{"0":[16,16],"1":[8,8],"2":[0,2],"3":[0,2],"4":[0,2],"5":[2,2],"6":[0,2],"7":[0,2]},"_coverageSchema":"1a1c01bbd47fc00a2c39e90264f33305004495a9","hash":"5f092219fa2ce5ab80ce3963def8a1cc0ab4fe39"}
}
