TN:
SF:averageMean.js
FN:11,(anonymous_0)
FN:17,(anonymous_1)
FNF:2
FNH:2
FNDA:2,(anonymous_0)
FNDA:8,(anonymous_1)
DA:11,1
DA:12,2
DA:13,0
DA:17,8
DA:20,2
DA:23,1
LF:6
LH:5
BRDA:12,0,0,0
BRDA:12,0,1,2
BRF:2
BRH:1
end_of_record
TN:
SF:bubbleSort.js
FN:1,bubbleSort
FNF:1
FNH:1
FNDA:2,bubbleSort
DA:2,2
DA:4,2
DA:6,8
DA:8,20
DA:10,12
DA:15,2
DA:18,1
LF:7
LH:7
BRDA:8,0,0,12
BRDA:8,0,1,8
BRF:2
BRH:2
end_of_record
TN:
SF:checkCamelCase.js
FN:1,(anonymous_0)
FNF:1
FNH:1
FNDA:3,(anonymous_0)
DA:1,1
DA:3,3
DA:4,0
DA:7,3
DA:8,3
DA:13,1
LF:6
LH:5
BRDA:3,0,0,0
BRDA:3,0,1,3
BRF:2
BRH:1
end_of_record
TN:
SF:leapYear.js
FN:16,(anonymous_0)
FNF:1
FNH:1
FNDA:3,(anonymous_0)
DA:16,1
DA:17,3
DA:18,3
DA:19,3
DA:21,2
DA:23,1
LF:6
LH:6
BRDA:17,0,0,0
BRDA:17,0,1,3
BRDA:18,1,0,0
BRDA:18,1,1,3
BRDA:19,2,0,1
BRDA:19,2,1,2
BRF:6
BRH:4
end_of_record
TN:
SF:maxCharacter.js
FN:1,(anonymous_0)
FN:16,(anonymous_1)
FNF:2
FNH:2
FNDA:3,(anonymous_0)
FNDA:44,(anonymous_1)
DA:1,1
DA:2,3
DA:3,0
DA:4,3
DA:5,0
DA:8,3
DA:9,3
DA:10,99
DA:11,99
DA:12,83
DA:14,3
DA:15,3
DA:16,3
DA:17,44
DA:18,7
DA:19,7
DA:22,3
DA:25,1
LF:18
LH:16
BRDA:2,0,0,0
BRDA:2,0,1,3
BRDA:4,1,0,0
BRDA:4,1,1,3
BRDA:11,2,0,16
BRDA:11,2,1,83
BRDA:12,3,0,83
BRDA:12,3,1,44
BRDA:17,4,0,7
BRDA:17,4,1,37
BRF:10
BRH:8
end_of_record
TN:
SF:primeCheck.js
FN:1,(anonymous_0)
FNF:1
FNH:1
FNDA:2,(anonymous_0)
DA:1,1
DA:4,2
DA:5,2
DA:6,2
DA:7,2
DA:9,1
DA:10,43
DA:11,0
DA:14,1
DA:16,1
LF:10
LH:9
BRDA:4,0,0,0
BRDA:4,0,1,2
BRDA:5,1,0,0
BRDA:5,1,1,2
BRDA:6,2,0,0
BRDA:6,2,1,2
BRDA:7,3,0,1
BRDA:7,3,1,1
BRDA:10,4,0,0
BRDA:10,4,1,43
BRF:10
BRH:6
end_of_record
TN:
SF:reverse.js
FN:10,(anonymous_0)
FNF:1
FNH:1
FNDA:2,(anonymous_0)
DA:10,1
DA:12,2
DA:13,0
DA:16,2
DA:18,2
DA:20,10
DA:22,10
DA:24,10
DA:26,2
DA:28,1
LF:10
LH:9
BRDA:12,0,0,0
BRDA:12,0,1,2
BRF:2
BRH:1
end_of_record
TN:
SF:rgbToHex.js
FN:1,RGBToHex
FN:10,(anonymous_1)
FNF:2
FNH:2
FNDA:3,RGBToHex
FNDA:9,(anonymous_1)
DA:2,3
DA:7,0
DA:10,9
DA:12,3
DA:14,1
LF:5
LH:4
BRDA:2,0,0,0
BRDA:2,0,1,3
BRDA:3,1,0,3
BRDA:3,1,1,3
BRDA:3,1,2,3
BRDA:10,2,0,9
BRDA:10,2,1,5
BRF:7
BRH:6
end_of_record
TN:
SF:romanToDeci.js
FN:11,romanToDecimal
FNF:1
FNH:1
FNDA:3,romanToDecimal
DA:1,1
DA:12,3
DA:14,3
DA:16,3
DA:17,3
DA:18,5
DA:20,5
DA:21,2
DA:24,5
DA:25,5
DA:26,3
DA:28,2
DA:31,5
DA:33,3
DA:36,1
LF:15
LH:15
BRDA:20,0,0,2
BRDA:20,0,1,3
BRDA:21,1,0,2
BRDA:21,1,1,0
BRDA:25,2,0,3
BRDA:25,2,1,2
BRF:6
BRH:5
end_of_record
TN:
SF:rotThirteen.js
FN:1,(anonymous_0)
FN:4,(anonymous_1)
FN:5,(anonymous_2)
FNF:3
FNH:3
FNDA:3,(anonymous_0)
FNDA:182,(anonymous_1)
FNDA:100,(anonymous_2)
DA:1,1
DA:2,3
DA:3,3
DA:4,182
DA:5,100
DA:6,3
DA:8,1
LF:7
LH:7
BRDA:5,0,0,82
BRDA:5,0,1,18
BRF:2
BRH:2
end_of_record
TN:
SF:snakeCase.js
FN:1,(anonymous_0)
FNF:1
FNH:1
FNDA:3,(anonymous_0)
DA:1,1
DA:3,3
DA:4,0
DA:7,3
DA:8,3
DA:10,1
LF:6
LH:5
BRDA:3,0,0,0
BRDA:3,0,1,3
BRF:2
BRH:1
end_of_record
TN:
SF:validCreditCard.js
FN:1,(anonymous_0)
FN:3,(anonymous_1)
FN:20,(anonymous_2)
FN:35,(anonymous_3)
FNF:4
FNH:4
FNDA:2,(anonymous_0)
FNDA:32,(anonymous_1)
FNDA:2,(anonymous_2)
FNDA:2,(anonymous_3)
DA:1,1
DA:2,2
DA:3,2
DA:4,32
DA:5,32
DA:7,16
DA:9,16
DA:10,8
DA:11,8
DA:14,32
DA:17,2
DA:20,1
DA:21,2
DA:23,2
DA:24,0
DA:27,2
DA:28,2
DA:29,0
DA:31,2
DA:32,2
DA:33,0
DA:35,2
DA:36,0
DA:38,2
DA:39,0
DA:42,2
DA:45,1
LF:27
LH:22
BRDA:5,0,0,16
BRDA:5,0,1,16
BRDA:9,1,0,8
BRDA:9,1,1,8
BRDA:23,2,0,0
BRDA:23,2,1,2
BRDA:28,3,0,0
BRDA:28,3,1,2
BRDA:32,4,0,0
BRDA:32,4,1,2
BRDA:32,5,0,2
BRDA:32,5,1,2
BRDA:35,6,0,0
BRDA:35,6,1,2
BRDA:38,7,0,0
BRDA:38,7,1,2
BRF:16
BRH:11
end_of_record
